[1533705081.438][INFO]: COMMAND InitSession {
   "desiredCapabilities": {
      "browserName": "chrome",
      "chromeOptions": {
         "args": [ "--headless", "--dns-prefetch-disable", "--no-sandbox", "--lang=en-US" ],
         "extensions": [  ]
      },
      "javascriptEnabled": true,
      "platform": "ANY",
      "version": ""
   },
   "requiredCapabilities": {

   }
}
[1533705081.448][INFO]: Populating Preferences file: {
   "alternate_error_pages": {
      "enabled": false
   },
   "autofill": {
      "enabled": false
   },
   "browser": {
      "check_default_browser": false
   },
   "distribution": {
      "import_bookmarks": false,
      "import_history": false,
      "import_search_engine": false,
      "make_chrome_default_for_user": false,
      "skip_first_run_ui": true
   },
   "dns_prefetching": {
      "enabled": false
   },
   "profile": {
      "content_settings": {
         "pattern_pairs": {
            "https://*,*": {
               "media-stream": {
                  "audio": "Default",
                  "video": "Default"
               }
            }
         }
      },
      "default_content_setting_values": {
         "geolocation": 1
      },
      "default_content_settings": {
         "geolocation": 1,
         "mouselock": 1,
         "notifications": 1,
         "popups": 1,
         "ppapi-broker": 1
      },
      "password_manager_enabled": false
   },
   "safebrowsing": {
      "enabled": false
   },
   "search": {
      "suggest_enabled": false
   },
   "translate": {
      "enabled": false
   }
}
[1533705081.449][INFO]: Populating Local State file: {
   "background_mode": {
      "enabled": false
   },
   "ssl": {
      "rev_checking": {
         "enabled": false
      }
   }
}
[1533705081.457][INFO]: Launching chrome: /Applications/Google Chrome.app/Contents/MacOS/Google Chrome --disable-background-networking --disable-client-side-phishing-detection --disable-default-apps --disable-hang-monitor --disable-popup-blocking --disable-prompt-on-repost --disable-sync --disable-web-resources --dns-prefetch-disable --enable-automation --enable-logging --force-fieldtrials=SiteIsolationExtensions/Control --headless --ignore-certificate-errors --lang=en-US --load-extension=/var/folders/g5/3pf25919407ggw4s8x5wyp_w0000gn/T/.org.chromium.Chromium.arC7Wr/internal --log-level=0 --metrics-recording-only --no-first-run --no-sandbox --password-store=basic --remote-debugging-port=0 --test-type=webdriver --use-mock-keychain --user-data-dir=/var/folders/g5/3pf25919407ggw4s8x5wyp_w0000gn/T/.org.chromium.Chromium.OCz7WW data:,
[0808/071121.814301:ERROR:gpu_process_transport_factory.cc(1016)] Lost UI shared context.

DevTools listening on ws://127.0.0.1:64642/devtools/browser/dd75c8b1-a620-4e5a-a1bb-16b36eae89c5
[1533705081.869][DEBUG]: DevTools request: http://localhost:64642/json/version
[1533705081.991][DEBUG]: DevTools response: {
   "Browser": "HeadlessChrome/68.0.3440.84",
   "Protocol-Version": "1.3",
   "User-Agent": "Mozilla/5.0 (Macintosh; Intel Mac OS X 10_13_5) AppleWebKit/537.36 (KHTML, like Gecko) HeadlessChrome/68.0.3440.84 Safari/537.36",
   "V8-Version": "6.8.275.24",
   "WebKit-Version": "537.36 (@520a5c14b858e4b1441dd2d3bab9bc745911a23b)",
   "webSocketDebuggerUrl": "ws://localhost:64642/devtools/browser/dd75c8b1-a620-4e5a-a1bb-16b36eae89c5"
}

[1533705081.991][DEBUG]: DevTools request: http://localhost:64642/json
[1533705081.993][DEBUG]: DevTools response: [ {
   "description": "",
   "devtoolsFrontendUrl": "/devtools/inspector.html?ws=localhost:64642/devtools/page/F1F0FF5C5459FDCE94AFAB9835669179",
   "id": "F1F0FF5C5459FDCE94AFAB9835669179",
   "title": "",
   "type": "page",
   "url": "data:,",
   "webSocketDebuggerUrl": "ws://localhost:64642/devtools/page/F1F0FF5C5459FDCE94AFAB9835669179"
} ]

[1533705081.993][DEBUG]: DevTools request: http://localhost:64642/json
[1533705081.995][DEBUG]: DevTools response: [ {
   "description": "",
   "devtoolsFrontendUrl": "/devtools/inspector.html?ws=localhost:64642/devtools/page/F1F0FF5C5459FDCE94AFAB9835669179",
   "id": "F1F0FF5C5459FDCE94AFAB9835669179",
   "title": "",
   "type": "page",
   "url": "data:,",
   "webSocketDebuggerUrl": "ws://localhost:64642/devtools/page/F1F0FF5C5459FDCE94AFAB9835669179"
} ]

[1533705082.002][INFO]: resolved localhost to ["::1","127.0.0.1"]
[1533705082.006][DEBUG]: DEVTOOLS COMMAND Log.enable (id=1) {

}
[1533705082.006][DEBUG]: DEVTOOLS COMMAND DOM.getDocument (id=2) {

}
[1533705082.007][DEBUG]: DEVTOOLS COMMAND Target.setAutoAttach (id=3) {
   "autoAttach": true,
   "waitForDebuggerOnStart": false
}
[1533705082.007][DEBUG]: DEVTOOLS COMMAND Page.enable (id=4) {

}
[1533705082.007][DEBUG]: DEVTOOLS COMMAND Page.enable (id=5) {

}
[1533705082.204][DEBUG]: DEVTOOLS RESPONSE Log.enable (id=1) {

}
[1533705082.206][DEBUG]: DEVTOOLS RESPONSE DOM.getDocument (id=2) {
   "root": {
      "backendNodeId": 1,
      "baseURL": "about:blank",
      "childNodeCount": 1,
      "children": [ {
         "attributes": [  ],
         "backendNodeId": 2,
         "childNodeCount": 2,
         "children": [ {
            "attributes": [  ],
            "backendNodeId": 3,
            "childNodeCount": 0,
            "localName": "head",
            "nodeId": 3,
            "nodeName": "HEAD",
            "nodeType": 1,
            "nodeValue": "",
            "parentId": 2
         }, {
            "attributes": [  ],
            "backendNodeId": 4,
            "childNodeCount": 0,
            "localName": "body",
            "nodeId": 4,
            "nodeName": "BODY",
            "nodeType": 1,
            "nodeValue": "",
            "parentId": 2
         } ],
         "frameId": "F1F0FF5C5459FDCE94AFAB9835669179",
         "localName": "html",
         "nodeId": 2,
         "nodeName": "HTML",
         "nodeType": 1,
         "nodeValue": "",
         "parentId": 1
      } ],
      "documentURL": "",
      "localName": "",
      "nodeId": 1,
      "nodeName": "#document",
      "nodeType": 9,
      "nodeValue": "",
      "xmlVersion": ""
   }
}
[1533705082.206][DEBUG]: DEVTOOLS RESPONSE Target.setAutoAttach (id=3) {

}
[1533705082.206][DEBUG]: DEVTOOLS RESPONSE Page.enable (id=4) {

}
[1533705082.206][DEBUG]: DEVTOOLS RESPONSE Page.enable (id=5) {

}
[1533705082.206][DEBUG]: DEVTOOLS COMMAND Runtime.enable (id=6) {

}
[1533705082.216][DEBUG]: DEVTOOLS EVENT Page.frameNavigated {
   "frame": {
      "id": "F1F0FF5C5459FDCE94AFAB9835669179",
      "loaderId": "1647AE96B5F32E636538B29C869C1BEE",
      "mimeType": "text/plain",
      "securityOrigin": "://",
      "url": "data:,"
   }
}
[1533705082.216][DEBUG]: DEVTOOLS EVENT DOM.documentUpdated {

}
[1533705082.216][DEBUG]: DEVTOOLS COMMAND DOM.getDocument (id=7) {

}
[1533705082.221][DEBUG]: DEVTOOLS EVENT Page.loadEventFired {
   "timestamp": 362814.348562
}
[1533705082.222][DEBUG]: DEVTOOLS EVENT Page.frameStoppedLoading {
   "frameId": "F1F0FF5C5459FDCE94AFAB9835669179"
}
[1533705082.222][DEBUG]: DEVTOOLS EVENT DOM.documentUpdated {

}
[1533705082.222][DEBUG]: DEVTOOLS COMMAND DOM.getDocument (id=8) {

}
[1533705082.223][DEBUG]: DEVTOOLS EVENT Page.domContentEventFired {
   "timestamp": 362814.34948
}
[1533705082.225][DEBUG]: DEVTOOLS EVENT Runtime.executionContextCreated {
   "context": {
      "auxData": {
         "frameId": "F1F0FF5C5459FDCE94AFAB9835669179",
         "isDefault": true
      },
      "id": 1,
      "name": "",
      "origin": "://"
   }
}
[1533705082.225][DEBUG]: DEVTOOLS RESPONSE Runtime.enable (id=6) {

}
[1533705082.231][DEBUG]: DEVTOOLS RESPONSE DOM.getDocument (id=7) {
   "root": {
      "backendNodeId": 5,
      "baseURL": "data:,",
      "childNodeCount": 1,
      "children": [ {
         "attributes": [  ],
         "backendNodeId": 6,
         "childNodeCount": 2,
         "children": [ {
            "attributes": [  ],
            "backendNodeId": 7,
            "childNodeCount": 0,
            "localName": "head",
            "nodeId": 7,
            "nodeName": "HEAD",
            "nodeType": 1,
            "nodeValue": "",
            "parentId": 6
         }, {
            "attributes": [  ],
            "backendNodeId": 8,
            "childNodeCount": 0,
            "localName": "body",
            "nodeId": 8,
            "nodeName": "BODY",
            "nodeType": 1,
            "nodeValue": "",
            "parentId": 6
         } ],
         "frameId": "F1F0FF5C5459FDCE94AFAB9835669179",
         "localName": "html",
         "nodeId": 6,
         "nodeName": "HTML",
         "nodeType": 1,
         "nodeValue": "",
         "parentId": 5
      } ],
      "documentURL": "data:,",
      "localName": "",
      "nodeId": 5,
      "nodeName": "#document",
      "nodeType": 9,
      "nodeValue": "",
      "xmlVersion": ""
   }
}
[1533705082.232][DEBUG]: DEVTOOLS RESPONSE DOM.getDocument (id=8) {
   "root": {
      "backendNodeId": 5,
      "baseURL": "data:,",
      "childNodeCount": 1,
      "children": [ {
         "attributes": [  ],
         "backendNodeId": 6,
         "childNodeCount": 2,
         "children": [ {
            "attributes": [  ],
            "backendNodeId": 7,
            "childNodeCount": 0,
            "localName": "head",
            "nodeId": 11,
            "nodeName": "HEAD",
            "nodeType": 1,
            "nodeValue": "",
            "parentId": 10
         }, {
            "attributes": [  ],
            "backendNodeId": 8,
            "childNodeCount": 0,
            "localName": "body",
            "nodeId": 12,
            "nodeName": "BODY",
            "nodeType": 1,
            "nodeValue": "",
            "parentId": 10
         } ],
         "frameId": "F1F0FF5C5459FDCE94AFAB9835669179",
         "localName": "html",
         "nodeId": 10,
         "nodeName": "HTML",
         "nodeType": 1,
         "nodeValue": "",
         "parentId": 9
      } ],
      "documentURL": "data:,",
      "localName": "",
      "nodeId": 9,
      "nodeName": "#document",
      "nodeType": 9,
      "nodeValue": "",
      "xmlVersion": ""
   }
}
[1533705082.232][DEBUG]: DEVTOOLS COMMAND Page.enable (id=9) {

}
[1533705082.253][DEBUG]: DEVTOOLS RESPONSE Page.enable (id=9) {

}
[1533705082.253][DEBUG]: DEVTOOLS COMMAND Runtime.enable (id=10) {

}
[1533705082.260][DEBUG]: DEVTOOLS RESPONSE Runtime.enable (id=10) {

}
[1533705082.261][DEBUG]: DEVTOOLS COMMAND Runtime.evaluate (id=11) {
   "expression": "(function() { // Copyright (c) 2012 The Chromium Authors. All rights reserved.\n// Use of this source code is governed by a BSD-style license that can be\n// found in the LICENSE file.\n\n/**\n * Enum f...",
   "returnByValue": true
}
[1533705082.323][DEBUG]: DEVTOOLS RESPONSE Runtime.evaluate (id=11) {
   "result": {
      "type": "object",
      "value": {
         "status": 0,
         "value": 1
      }
   }
}
[1533705082.323][INFO]: RESPONSE InitSession {
   "acceptInsecureCerts": false,
   "acceptSslCerts": false,
   "applicationCacheEnabled": false,
   "browserConnectionEnabled": false,
   "browserName": "chrome",
   "chrome": {
      "chromedriverVersion": "2.41.578706 (5f725d1b4f0a4acbf5259df887244095596231db)",
      "userDataDir": "/var/folders/g5/3pf25919407ggw4s8x5wyp_w0000gn/T/.org.chromium.Chromium.OCz7WW"
   },
   "cssSelectorsEnabled": true,
   "databaseEnabled": false,
   "goog:chromeOptions": {
      "debuggerAddress": "localhost:64642"
   },
   "handlesAlerts": true,
   "hasTouchScreen": false,
   "javascriptEnabled": true,
   "locationContextEnabled": true,
   "mobileEmulationEnabled": false,
   "nativeEvents": true,
   "networkConnectionEnabled": false,
   "pageLoadStrategy": "normal",
   "platform": "Mac OS X",
   "rotatable": false,
   "~~~": "..."
}
[1533705082.328][INFO]: COMMAND SetImplicitWait {
   "ms": 25000.0,
   "sessionId": "6bdf112c06c40149ca4bd8a6f04575c6"
}
[1533705082.328][INFO]: RESPONSE SetImplicitWait
[1533705082.330][INFO]: COMMAND Navigate {
   "sessionId": "6bdf112c06c40149ca4bd8a6f04575c6",
   "url": "https://www.instagram.com/weareint"
}
[1533705082.330][INFO]: Waiting for pending navigations...
[1533705082.330][DEBUG]: DEVTOOLS COMMAND Runtime.evaluate (id=12) {
   "expression": "1"
}
[1533705082.332][DEBUG]: DEVTOOLS RESPONSE Runtime.evaluate (id=12) {
   "result": {
      "description": "1",
      "type": "number",
      "value": 1
   }
}
[1533705082.332][INFO]: Done waiting for pending navigations. Status: ok
[1533705082.332][DEBUG]: DEVTOOLS COMMAND Page.navigate (id=13) {
   "url": "https://www.instagram.com/weareint"
}
[1533705083.404][DEBUG]: DEVTOOLS RESPONSE Page.navigate (id=13) {
   "frameId": "F1F0FF5C5459FDCE94AFAB9835669179",
   "loaderId": "26B586A606F086BD28E1342CBF684C30"
}
[1533705083.404][DEBUG]: DEVTOOLS COMMAND Runtime.evaluate (id=14) {
   "expression": "document.URL"
}
[1533705083.406][DEBUG]: DEVTOOLS EVENT Runtime.executionContextsCleared {

}
[1533705083.408][DEBUG]: DEVTOOLS EVENT Page.frameStartedLoading {
   "frameId": "F1F0FF5C5459FDCE94AFAB9835669179"
}
[1533705083.594][DEBUG]: DEVTOOLS EVENT Runtime.executionContextsCleared {

}
[1533705083.594][DEBUG]: DEVTOOLS EVENT Page.frameNavigated {
   "frame": {
      "id": "F1F0FF5C5459FDCE94AFAB9835669179",
      "loaderId": "26B586A606F086BD28E1342CBF684C30",
      "mimeType": "text/html",
      "securityOrigin": "https://www.instagram.com",
      "url": "https://www.instagram.com/weareint/"
   }
}
[1533705083.594][DEBUG]: DEVTOOLS EVENT Runtime.executionContextCreated {
   "context": {
      "auxData": {
         "frameId": "F1F0FF5C5459FDCE94AFAB9835669179",
         "isDefault": true
      },
      "id": 1,
      "name": "",
      "origin": "https://www.instagram.com"
   }
}
[1533705083.594][DEBUG]: DEVTOOLS EVENT DOM.documentUpdated {

}
[1533705083.594][DEBUG]: DEVTOOLS COMMAND DOM.getDocument (id=15) {

}
[1533705083.608][DEBUG]: DEVTOOLS RESPONSE Runtime.evaluate (id=14) {
   "result": {
      "type": "string",
      "value": "https://www.instagram.com/weareint/"
   }
}
[1533705083.611][DEBUG]: DEVTOOLS RESPONSE DOM.getDocument (id=15) {
   "root": {
      "backendNodeId": 1,
      "baseURL": "https://www.instagram.com/weareint/",
      "childNodeCount": 2,
      "children": [ {
         "backendNodeId": 2,
         "localName": "",
         "nodeId": 2,
         "nodeName": "html",
         "nodeType": 10,
         "nodeValue": "",
         "parentId": 1,
         "publicId": "",
         "systemId": ""
      }, {
         "attributes": [ "lang", "en", "class", "js not-logged-in client-root" ],
         "backendNodeId": 3,
         "childNodeCount": 2,
         "children": [ {
            "attributes": [  ],
            "backendNodeId": 4,
            "childNodeCount": 105,
            "localName": "head",
            "nodeId": 4,
            "nodeName": "HEAD",
            "nodeType": 1,
            "nodeValue": "",
            "parentId": 3
         }, {
            "attributes": [ "class", "" ],
            "backendNodeId": 5,
            "childNodeCount": 6,
            "localName": "body",
            "nodeId": 5,
            "nodeName": "BODY",
            "nodeType": 1,
            "nodeValue": "",
            "parentId": 3
         } ],
         "frameId": "F1F0FF5C5459FDCE94AFAB9835669179",
         "localName": "html",
         "nodeId": 3,
         "nodeName": "HTML",
         "nodeType": 1,
         "nodeValue": "",
         "parentId": 1
      } ],
      "documentURL": "https://www.instagram.com/weareint/",
      "localName": "",
      "nodeId": 1,
      "nodeName": "#document",
      "nodeType": 9,
      "nodeValue": "",
      "xmlVersion": ""
   }
}
[1533705083.611][INFO]: Waiting for pending navigations...
[1533705083.611][DEBUG]: DEVTOOLS COMMAND Runtime.evaluate (id=16) {
   "expression": "1"
}
[1533705083.616][DEBUG]: DEVTOOLS RESPONSE Runtime.evaluate (id=16) {
   "result": {
      "description": "1",
      "type": "number",
      "value": 1
   }
}
[1533705084.717][DEBUG]: DEVTOOLS EVENT DOM.childNodeCountUpdated {
   "childNodeCount": 7,
   "nodeId": 5
}
[1533705084.717][DEBUG]: DEVTOOLS COMMAND Runtime.evaluate (id=17) {
   "expression": "1"
}
[1533705084.719][DEBUG]: DEVTOOLS EVENT DOM.childNodeCountUpdated {
   "childNodeCount": 8,
   "nodeId": 5
}
[1533705084.719][DEBUG]: DEVTOOLS EVENT DOM.childNodeCountUpdated {
   "childNodeCount": 9,
   "nodeId": 5
}
[1533705084.719][DEBUG]: DEVTOOLS EVENT DOM.childNodeCountUpdated {
   "childNodeCount": 10,
   "nodeId": 5
}
[1533705084.719][DEBUG]: DEVTOOLS EVENT DOM.childNodeCountUpdated {
   "childNodeCount": 106,
   "nodeId": 4
}
[1533705084.720][DEBUG]: DEVTOOLS EVENT DOM.childNodeCountUpdated {
   "childNodeCount": 107,
   "nodeId": 4
}
[1533705084.752][DEBUG]: DEVTOOLS EVENT DOM.childNodeCountUpdated {
   "childNodeCount": 108,
   "nodeId": 4
}
[1533705084.752][DEBUG]: DEVTOOLS EVENT DOM.childNodeCountUpdated {
   "childNodeCount": 109,
   "nodeId": 4
}
[1533705084.753][DEBUG]: DEVTOOLS EVENT DOM.childNodeCountUpdated {
   "childNodeCount": 110,
   "nodeId": 4
}
[1533705084.753][DEBUG]: DEVTOOLS EVENT DOM.childNodeCountUpdated {
   "childNodeCount": 111,
   "nodeId": 4
}
[1533705084.753][DEBUG]: DEVTOOLS EVENT DOM.childNodeCountUpdated {
   "childNodeCount": 112,
   "nodeId": 4
}
[1533705084.755][DEBUG]: DEVTOOLS EVENT DOM.childNodeCountUpdated {
   "childNodeCount": 113,
   "nodeId": 4
}
[1533705084.755][DEBUG]: DEVTOOLS EVENT DOM.childNodeCountUpdated {
   "childNodeCount": 114,
   "nodeId": 4
}
[1533705084.755][DEBUG]: DEVTOOLS EVENT DOM.childNodeCountUpdated {
   "childNodeCount": 115,
   "nodeId": 4
}
[1533705085.383][DEBUG]: DEVTOOLS EVENT DOM.childNodeCountUpdated {
   "childNodeCount": 116,
   "nodeId": 4
}
[1533705085.383][DEBUG]: DEVTOOLS EVENT DOM.childNodeCountUpdated {
   "childNodeCount": 117,
   "nodeId": 4
}
[1533705085.383][DEBUG]: DEVTOOLS EVENT DOM.childNodeCountUpdated {
   "childNodeCount": 118,
   "nodeId": 4
}
[1533705085.383][DEBUG]: DEVTOOLS EVENT DOM.childNodeCountUpdated {
   "childNodeCount": 119,
   "nodeId": 4
}
[1533705085.383][DEBUG]: DEVTOOLS EVENT DOM.childNodeCountUpdated {
   "childNodeCount": 120,
   "nodeId": 4
}
[1533705085.383][DEBUG]: DEVTOOLS EVENT DOM.childNodeCountUpdated {
   "childNodeCount": 121,
   "nodeId": 4
}
[1533705085.384][DEBUG]: DEVTOOLS EVENT DOM.childNodeCountUpdated {
   "childNodeCount": 122,
   "nodeId": 4
}
[1533705085.384][DEBUG]: DEVTOOLS EVENT DOM.childNodeCountUpdated {
   "childNodeCount": 123,
   "nodeId": 4
}
[1533705085.384][DEBUG]: DEVTOOLS EVENT DOM.childNodeCountUpdated {
   "childNodeCount": 124,
   "nodeId": 4
}
[1533705085.384][DEBUG]: DEVTOOLS EVENT DOM.childNodeCountUpdated {
   "childNodeCount": 125,
   "nodeId": 4
}
[1533705085.384][DEBUG]: DEVTOOLS EVENT DOM.childNodeCountUpdated {
   "childNodeCount": 126,
   "nodeId": 4
}
[1533705085.384][DEBUG]: DEVTOOLS EVENT DOM.childNodeCountUpdated {
   "childNodeCount": 127,
   "nodeId": 4
}
[1533705085.385][DEBUG]: DEVTOOLS EVENT DOM.childNodeCountUpdated {
   "childNodeCount": 128,
   "nodeId": 4
}
[1533705085.385][DEBUG]: DEVTOOLS EVENT DOM.childNodeCountUpdated {
   "childNodeCount": 129,
   "nodeId": 4
}
[1533705085.385][DEBUG]: DEVTOOLS EVENT DOM.childNodeCountUpdated {
   "childNodeCount": 130,
   "nodeId": 4
}
[1533705085.385][DEBUG]: DEVTOOLS EVENT DOM.childNodeCountUpdated {
   "childNodeCount": 131,
   "nodeId": 4
}
[1533705085.385][DEBUG]: DEVTOOLS EVENT DOM.childNodeCountUpdated {
   "childNodeCount": 132,
   "nodeId": 4
}
[1533705085.385][DEBUG]: DEVTOOLS EVENT DOM.childNodeCountUpdated {
   "childNodeCount": 133,
   "nodeId": 4
}
[1533705085.385][DEBUG]: DEVTOOLS EVENT DOM.childNodeCountUpdated {
   "childNodeCount": 134,
   "nodeId": 4
}
[1533705085.385][DEBUG]: DEVTOOLS EVENT DOM.childNodeCountUpdated {
   "childNodeCount": 135,
   "nodeId": 4
}
[1533705085.385][DEBUG]: DEVTOOLS EVENT DOM.childNodeCountUpdated {
   "childNodeCount": 136,
   "nodeId": 4
}
[1533705085.385][DEBUG]: DEVTOOLS EVENT DOM.childNodeCountUpdated {
   "childNodeCount": 137,
   "nodeId": 4
}
[1533705085.385][DEBUG]: DEVTOOLS EVENT DOM.childNodeCountUpdated {
   "childNodeCount": 138,
   "nodeId": 4
}
[1533705085.385][DEBUG]: DEVTOOLS EVENT DOM.childNodeCountUpdated {
   "childNodeCount": 139,
   "nodeId": 4
}
[1533705085.386][DEBUG]: DEVTOOLS EVENT DOM.childNodeCountUpdated {
   "childNodeCount": 140,
   "nodeId": 4
}
[1533705085.386][DEBUG]: DEVTOOLS EVENT DOM.childNodeCountUpdated {
   "childNodeCount": 141,
   "nodeId": 4
}
[1533705085.386][DEBUG]: DEVTOOLS EVENT DOM.childNodeCountUpdated {
   "childNodeCount": 142,
   "nodeId": 4
}
[1533705085.386][DEBUG]: DEVTOOLS EVENT DOM.childNodeCountUpdated {
   "childNodeCount": 143,
   "nodeId": 4
}
[1533705085.386][DEBUG]: DEVTOOLS EVENT DOM.childNodeCountUpdated {
   "childNodeCount": 144,
   "nodeId": 4
}
[1533705085.386][DEBUG]: DEVTOOLS EVENT DOM.childNodeCountUpdated {
   "childNodeCount": 145,
   "nodeId": 4
}
[1533705085.386][DEBUG]: DEVTOOLS EVENT DOM.childNodeCountUpdated {
   "childNodeCount": 146,
   "nodeId": 4
}
[1533705085.386][DEBUG]: DEVTOOLS EVENT DOM.childNodeCountUpdated {
   "childNodeCount": 147,
   "nodeId": 4
}
[1533705085.387][DEBUG]: DEVTOOLS EVENT DOM.childNodeCountUpdated {
   "childNodeCount": 148,
   "nodeId": 4
}
[1533705085.387][DEBUG]: DEVTOOLS EVENT DOM.childNodeCountUpdated {
   "childNodeCount": 149,
   "nodeId": 4
}
[1533705085.387][DEBUG]: DEVTOOLS EVENT DOM.childNodeCountUpdated {
   "childNodeCount": 150,
   "nodeId": 4
}
[1533705085.387][DEBUG]: DEVTOOLS EVENT DOM.childNodeCountUpdated {
   "childNodeCount": 151,
   "nodeId": 4
}
[1533705085.387][DEBUG]: DEVTOOLS EVENT DOM.childNodeCountUpdated {
   "childNodeCount": 152,
   "nodeId": 4
}
[1533705085.387][DEBUG]: DEVTOOLS EVENT DOM.childNodeCountUpdated {
   "childNodeCount": 153,
   "nodeId": 4
}
[1533705085.387][DEBUG]: DEVTOOLS EVENT DOM.childNodeCountUpdated {
   "childNodeCount": 154,
   "nodeId": 4
}
[1533705085.387][DEBUG]: DEVTOOLS EVENT DOM.childNodeCountUpdated {
   "childNodeCount": 155,
   "nodeId": 4
}
[1533705085.387][DEBUG]: DEVTOOLS EVENT DOM.childNodeCountUpdated {
   "childNodeCount": 156,
   "nodeId": 4
}
[1533705085.387][DEBUG]: DEVTOOLS EVENT DOM.childNodeCountUpdated {
   "childNodeCount": 157,
   "nodeId": 4
}
[1533705085.387][DEBUG]: DEVTOOLS EVENT DOM.childNodeCountUpdated {
   "childNodeCount": 158,
   "nodeId": 4
}
[1533705085.387][DEBUG]: DEVTOOLS EVENT DOM.childNodeCountUpdated {
   "childNodeCount": 159,
   "nodeId": 4
}
[1533705085.388][DEBUG]: DEVTOOLS EVENT DOM.childNodeCountUpdated {
   "childNodeCount": 160,
   "nodeId": 4
}
[1533705085.388][DEBUG]: DEVTOOLS EVENT DOM.childNodeCountUpdated {
   "childNodeCount": 161,
   "nodeId": 4
}
[1533705085.388][DEBUG]: DEVTOOLS EVENT DOM.childNodeCountUpdated {
   "childNodeCount": 162,
   "nodeId": 4
}
[1533705085.388][DEBUG]: DEVTOOLS EVENT DOM.childNodeCountUpdated {
   "childNodeCount": 163,
   "nodeId": 4
}
[1533705085.388][DEBUG]: DEVTOOLS EVENT DOM.childNodeCountUpdated {
   "childNodeCount": 164,
   "nodeId": 4
}
[1533705085.388][DEBUG]: DEVTOOLS EVENT DOM.childNodeCountUpdated {
   "childNodeCount": 165,
   "nodeId": 4
}
[1533705085.388][DEBUG]: DEVTOOLS EVENT DOM.childNodeCountUpdated {
   "childNodeCount": 166,
   "nodeId": 4
}
[1533705085.388][DEBUG]: DEVTOOLS EVENT DOM.childNodeCountUpdated {
   "childNodeCount": 167,
   "nodeId": 4
}
[1533705085.388][DEBUG]: DEVTOOLS EVENT DOM.childNodeCountUpdated {
   "childNodeCount": 168,
   "nodeId": 4
}
[1533705085.388][DEBUG]: DEVTOOLS EVENT DOM.childNodeCountUpdated {
   "childNodeCount": 169,
   "nodeId": 4
}
[1533705085.388][DEBUG]: DEVTOOLS EVENT DOM.childNodeCountUpdated {
   "childNodeCount": 170,
   "nodeId": 4
}
[1533705085.388][DEBUG]: DEVTOOLS EVENT DOM.childNodeCountUpdated {
   "childNodeCount": 171,
   "nodeId": 4
}
[1533705085.388][DEBUG]: DEVTOOLS EVENT DOM.childNodeCountUpdated {
   "childNodeCount": 172,
   "nodeId": 4
}
[1533705085.388][DEBUG]: DEVTOOLS EVENT DOM.childNodeCountUpdated {
   "childNodeCount": 173,
   "nodeId": 4
}
[1533705085.388][DEBUG]: DEVTOOLS EVENT DOM.childNodeCountUpdated {
   "childNodeCount": 174,
   "nodeId": 4
}
[1533705085.388][DEBUG]: DEVTOOLS EVENT DOM.childNodeCountUpdated {
   "childNodeCount": 175,
   "nodeId": 4
}
[1533705085.388][DEBUG]: DEVTOOLS EVENT DOM.childNodeCountUpdated {
   "childNodeCount": 176,
   "nodeId": 4
}
[1533705085.389][DEBUG]: DEVTOOLS EVENT DOM.childNodeCountUpdated {
   "childNodeCount": 177,
   "nodeId": 4
}
[1533705085.389][DEBUG]: DEVTOOLS EVENT DOM.childNodeCountUpdated {
   "childNodeCount": 178,
   "nodeId": 4
}
[1533705085.389][DEBUG]: DEVTOOLS EVENT DOM.childNodeCountUpdated {
   "childNodeCount": 179,
   "nodeId": 4
}
[1533705085.389][DEBUG]: DEVTOOLS EVENT DOM.childNodeCountUpdated {
   "childNodeCount": 180,
   "nodeId": 4
}
[1533705085.389][DEBUG]: DEVTOOLS EVENT DOM.childNodeCountUpdated {
   "childNodeCount": 181,
   "nodeId": 4
}
[1533705085.389][DEBUG]: DEVTOOLS EVENT DOM.childNodeCountUpdated {
   "childNodeCount": 182,
   "nodeId": 4
}
[1533705085.389][DEBUG]: DEVTOOLS EVENT DOM.childNodeCountUpdated {
   "childNodeCount": 183,
   "nodeId": 4
}
[1533705085.389][DEBUG]: DEVTOOLS EVENT DOM.childNodeCountUpdated {
   "childNodeCount": 184,
   "nodeId": 4
}
[1533705085.389][DEBUG]: DEVTOOLS EVENT DOM.childNodeCountUpdated {
   "childNodeCount": 185,
   "nodeId": 4
}
[1533705085.389][DEBUG]: DEVTOOLS EVENT DOM.childNodeCountUpdated {
   "childNodeCount": 186,
   "nodeId": 4
}
[1533705085.389][DEBUG]: DEVTOOLS EVENT DOM.childNodeCountUpdated {
   "childNodeCount": 187,
   "nodeId": 4
}
[1533705085.390][DEBUG]: DEVTOOLS EVENT DOM.childNodeCountUpdated {
   "childNodeCount": 188,
   "nodeId": 4
}
[1533705085.390][DEBUG]: DEVTOOLS EVENT DOM.childNodeCountUpdated {
   "childNodeCount": 189,
   "nodeId": 4
}
[1533705085.390][DEBUG]: DEVTOOLS EVENT DOM.childNodeCountUpdated {
   "childNodeCount": 190,
   "nodeId": 4
}
[1533705085.390][DEBUG]: DEVTOOLS EVENT DOM.childNodeCountUpdated {
   "childNodeCount": 191,
   "nodeId": 4
}
[1533705085.390][DEBUG]: DEVTOOLS EVENT DOM.childNodeCountUpdated {
   "childNodeCount": 192,
   "nodeId": 4
}
[1533705085.390][DEBUG]: DEVTOOLS EVENT DOM.childNodeCountUpdated {
   "childNodeCount": 193,
   "nodeId": 4
}
[1533705085.391][DEBUG]: DEVTOOLS EVENT DOM.childNodeCountUpdated {
   "childNodeCount": 194,
   "nodeId": 4
}
[1533705085.391][DEBUG]: DEVTOOLS EVENT DOM.childNodeCountUpdated {
   "childNodeCount": 195,
   "nodeId": 4
}
[1533705085.391][DEBUG]: DEVTOOLS EVENT DOM.childNodeCountUpdated {
   "childNodeCount": 196,
   "nodeId": 4
}
[1533705085.391][DEBUG]: DEVTOOLS EVENT DOM.childNodeCountUpdated {
   "childNodeCount": 197,
   "nodeId": 4
}
[1533705085.391][DEBUG]: DEVTOOLS EVENT DOM.childNodeCountUpdated {
   "childNodeCount": 198,
   "nodeId": 4
}
[1533705085.391][DEBUG]: DEVTOOLS EVENT DOM.childNodeCountUpdated {
   "childNodeCount": 199,
   "nodeId": 4
}
[1533705085.391][DEBUG]: DEVTOOLS EVENT DOM.childNodeCountUpdated {
   "childNodeCount": 200,
   "nodeId": 4
}
[1533705085.391][DEBUG]: DEVTOOLS EVENT DOM.childNodeCountUpdated {
   "childNodeCount": 201,
   "nodeId": 4
}
[1533705085.391][DEBUG]: DEVTOOLS EVENT DOM.childNodeCountUpdated {
   "childNodeCount": 202,
   "nodeId": 4
}
[1533705085.392][DEBUG]: DEVTOOLS EVENT DOM.childNodeCountUpdated {
   "childNodeCount": 203,
   "nodeId": 4
}
[1533705085.392][DEBUG]: DEVTOOLS EVENT DOM.childNodeCountUpdated {
   "childNodeCount": 204,
   "nodeId": 4
}
[1533705085.392][DEBUG]: DEVTOOLS EVENT DOM.childNodeCountUpdated {
   "childNodeCount": 205,
   "nodeId": 4
}
[1533705085.392][DEBUG]: DEVTOOLS EVENT DOM.childNodeCountUpdated {
   "childNodeCount": 206,
   "nodeId": 4
}
[1533705085.392][DEBUG]: DEVTOOLS EVENT DOM.childNodeCountUpdated {
   "childNodeCount": 207,
   "nodeId": 4
}
[1533705085.392][DEBUG]: DEVTOOLS EVENT DOM.childNodeCountUpdated {
   "childNodeCount": 208,
   "nodeId": 4
}
[1533705085.392][DEBUG]: DEVTOOLS EVENT DOM.childNodeCountUpdated {
   "childNodeCount": 209,
   "nodeId": 4
}
[1533705085.392][DEBUG]: DEVTOOLS EVENT DOM.childNodeCountUpdated {
   "childNodeCount": 210,
   "nodeId": 4
}
[1533705085.392][DEBUG]: DEVTOOLS EVENT DOM.childNodeCountUpdated {
   "childNodeCount": 211,
   "nodeId": 4
}
[1533705085.392][DEBUG]: DEVTOOLS EVENT DOM.childNodeCountUpdated {
   "childNodeCount": 212,
   "nodeId": 4
}
[1533705085.392][DEBUG]: DEVTOOLS EVENT DOM.childNodeCountUpdated {
   "childNodeCount": 213,
   "nodeId": 4
}
[1533705085.392][DEBUG]: DEVTOOLS EVENT DOM.childNodeCountUpdated {
   "childNodeCount": 214,
   "nodeId": 4
}
[1533705085.392][DEBUG]: DEVTOOLS EVENT DOM.childNodeCountUpdated {
   "childNodeCount": 215,
   "nodeId": 4
}
[1533705085.392][DEBUG]: DEVTOOLS EVENT DOM.childNodeCountUpdated {
   "childNodeCount": 216,
   "nodeId": 4
}
[1533705085.392][DEBUG]: DEVTOOLS EVENT DOM.childNodeCountUpdated {
   "childNodeCount": 217,
   "nodeId": 4
}
[1533705085.392][DEBUG]: DEVTOOLS EVENT DOM.childNodeCountUpdated {
   "childNodeCount": 218,
   "nodeId": 4
}
[1533705085.392][DEBUG]: DEVTOOLS EVENT DOM.childNodeCountUpdated {
   "childNodeCount": 219,
   "nodeId": 4
}
[1533705085.393][DEBUG]: DEVTOOLS[[0808/085258.892876:WARNING:dns_config_service_posix.cc(333)] Failed to read DnsConfig.[0808/085303.635996:WARNING:dns_config_service_posix.cc(333)] Failed to read DnsConfig.
nodeId": 4
}
[1533705085.393][DEBUG]: DEVTOOLS EVENT DOM.childNodeCountUpdated {
   "childNodeCount": 222,
   "nodeId": 4
}
[1533705085.393][DEBUG]: DEVTOOLS EVENT DOM.childNodeCountUpdated {
   "childNodeCount": 223,
   "nodeId": 4
}
[1533705085.393][DEBUG]: DEVTOOLS EVENT DOM.childNodeCountUpdated {
   "childNodeCount": 224,
   "nodeId": 4
}
[1533705085.393][DEBUG]: DEVTOOLS EVENT DOM.childNodeCountUpdated {
   "childNodeCount": 225,
   "nodeId": 4
}
[1533705085.393][DEBUG]: DEVTOOLS EVENT DOM.childNodeCountUpdated {
   "childNodeCount": 226,
   "nodeId": 4
}
[1533705085.393][DEBUG]: DEVTOOLS EVENT DOM.childNodeCountUpdated {
   "childNodeCount": 227,
   "nodeId": 4
}
[1533705085.393][DEBUG]: DEVTOOLS EVENT DOM.childNodeCountUpdated {
   "childNodeCount": 228,
   "nodeId": 4
}
[1533705085.393][DEBUG]: DEVTOOLS EVENT DOM.childNodeCountUpdated {
   "childNodeCount": 229,
   "nodeId": 4
}
[1533705085.393][DEBUG]: DEVTOOLS EVENT DOM.childNodeCountUpdated {
   "childNodeCount": 230,
   "nodeId": 4
}
[1533705085.393][DEBUG]: DEVTOOLS EVENT DOM.childNodeCountUpdated {
   "childNodeCount": 231,
   "nodeId": 4
}
[1533705085.393][DEBUG]: DEVTOOLS EVENT DOM.childNodeCountUpdat[0808/085258.850757:WARNING:dns_config_service_posix.cc(333)] Failed to read DnsConfig.
DOM.childNodeCountUpdated {
   "childNodeCount": 233,
   "nodeId": 4
}
[1533705085.393][DEBUG]: DEVTOOLS EVENT DOM.childNodeCountUpdated {
   "childNodeCount": 234,
   "nodeId": 4
}
[1533705085.393][DEBUG]: DEVTOOLS EVENT DOM.childNodeCountUpdated {
   "childNodeCount": 235,
   "nodeId": 4
}
[1533705085.393][DEBUG]: DEVTOOLS EVENT DOM.childNodeCountUpdated {
   "childNodeCount": 236,
   "nodeId": 4
}
[1533705085.393][DEBUG]: DEVTOOLS EVENT DOM.childNodeCountUpdated {
   "childNod[0808/085258.189469:WARNING:dns_config_service_posix.cc(333)] Failed to read DnsConfig.
tUpdated {
   "childNodeCount": 238,
   "nodeId": 4
}
[1533705085.393][DEBUG]: DEVTOOLS EVENT DOM.childNodeCountUpdated {
   "childNodeCount": 239,
   "nodeId": 4
}
[1533705085.393][DEBUG]: DEVTOOLS EVENT DOM.childNodeCountUpdated {
   "childNodeCount": 240,
   "nodeId": 4
}
[1[0808/085258.878938:WARNING:dns_config_service_posix.cc(333)] Failed to read DnsConfig.
[0808/085303.622885:WARNING:dns_config_service_posix.cc(333)] Failed to read DnsConfig.

   "childNodeCount": 242,
   "nodeId": 4
}
[1533705085.394][DEBUG]: DEVTOOLS EVENT DOM.childNodeCountUpdated {
   "childNodeCount": 243,
   "nodeId": 4
}
[1533705085.394][DEBUG]: DEVTOOLS EVENT DOM.childNodeCountUpdated {
   "childNodeCount": 244,
   "nodeId": 4
}
[1533705085.394][DEBUG]: DEVTOOLS EVENT DOM.childNodeCountUpdated {
   "childNodeCount": 245,
   "nodeId": 4
}
[1533705085.394][DEBUG]: DEVTOOLS EVENT DOM.childNodeCountUpdated {
   "childNodeCount": 246,
   "nodeId": 4
}
[1533705085.394][DEBUG]: DEVTOOLS EVENT DOM.childNodeCountUpdated {
   "childNodeCount": 247,
   "nodeId": 4
}
[1533705085.394][DEBUG]: DEVTOOL[0808/085258.204206:WARNING:dns_config_service_posix.cc(333)] Failed to read DnsConfig.
85.394][DEBUG]: DEVTOOLS EVENT DOM.childNodeCountUpdated {
   "childNodeCount": 249,
   "nodeId": 4
}
[1533705085.395][DEBUG]: DEVTOOLS EVENT DOM.childNodeCountUpdated {
   "childNodeCount": 250,
   "nodeId": 4
}
[1533705085.395][DEBUG]: DEVTOOLS EVENT DOM.childNodeCountUpdated {
   "childNodeCount": 251,
   "nodeId": 4
}
[1533705085.395][DEBUG]: DEVTOOLS EVENT DOM.childNodeCountUpdated {
   "childNodeCount": 252,
   "nodeId": 4
}
[1533705085.395][DEBUG]: DEVTOOLS EVENT DOM.childNodeCountUpdated {
   "childNodeCount": 253,
   "nodeId": 4
}
[1533705085.395][DEBUG]: DEVTOOLS EVENT DOM.childNodeCountUpdated {
   "childNodeCount": 254,
   "nodeId": 4
}
[1533705085.395][DEBUG]: DEVTOOLS EVENT DOM.childNodeCountUpdated {
   "childNodeCount": 255,
   "nodeId": 4
}
[1533705085.395][DEBUG]: DEVTOOLS EVENT DOM.childNodeCountUpdated {
   "childNodeCount": 256,
   "nodeId": 4
}
[1533705085.395][DEBUG]: DEVTOOLS EVENT DOM.childNodeCountUpdated {
   "childNodeCount": 257,
   "nodeId": 4
}
[1533705085.395][DEBUG]: DEVTOOLS EVENT DOM.childNodeCountUpdated {
   "childNodeCount": 258,
   "nodeId": 4
}
[1533705085.395][DEBUG]: DEVTOOLS EVENT DOM.childNodeCountUpdated {
   "childNodeCount": 259,
   "nodeId": 4
}
[1533705085.395][DEBUG]: DEVTOOLS EVENT DOM.childNodeCountUpdated {
   "childNodeCount": 260,
   "nodeId": 4
}
[1533705085.395][DEBUG]: DEVTOOLS EVENT DOM.childNodeCountUpdated {
   "childNodeCount": 261,
   "nodeId": 4
}
[1533705085.395][DEBUG]: DEVTOOLS EVENT DOM.childNodeCountUpdated {
   "childNodeCount": 262,
   "nodeId": 4
}
[1533705085.395][DEBUG]: DEVTOOLS EVENT DOM.childNodeCountUpdated {
   "childNodeCount": 263,
   "nodeId": 4
}
[1533705085.395][DEBUG]: DEVTOOLS EVENT DOM.childNodeCountUpdated {
   "childNodeCount": 264,
   "nodeId": 4
}
[1533705085.395][DEBUG]: DEVTOOLS EVENT DOM.childNodeCountUpdated {
   "childNodeCount": 265,
   "nodeId": 4
}
[1533705085.395][DEBUG]: DEVTOOLS EVENT DOM.childNodeCountUpdated {
   "childNodeCount": 266,
   "nodeId": 4
}
[1533705085.395][DEBUG]: DEVTOOLS EVENT DOM.childNodeCountUpdated {
   "childNodeCount": 267,
   "nodeId": 4
}
[1533705085.395][DEBUG]: DEVTOOLS EVENT DOM.childNodeCountUpdated {
   "childNodeCount": 268,
   "nodeId": 4
}
[1533705085.395][DEBUG]: DEVTOOLS EVENT DOM.childNodeCountUpdated {
   "childNodeCount": 269,
   "nodeId": 4
}
[1533705085.395][DEBUG]: DEVTOOLS EVENT DOM.childNodeCountUpdated {
   "childNodeCount": 270,
   "nodeId": 4
}
[1533705085.395][DEBUG]: DEVTOOLS EVENT DOM.childNodeCountUpdated {
   "childNodeCount": 271,
   "nodeId": 4
}
[1533705085.395][DEBUG]: DEVTOOLS EVENT DOM.childNodeCountUpdated {
   "childNodeCount": 272,
   "nodeId": 4
}
[1533705085.396][DEBUG]: DEVTOOLS EVENT DOM.childNodeCountUpdated {
   "childNodeCount": 273,
   "nodeId": 4
}
[1533705085.396][DEBUG]: DEVTOOLS EVENT DOM.childNodeCountUpdated {
   "childNodeCount": 274,
   "nodeId": 4
}
[1533705085.396][DEBUG]: DEVTOOLS EVENT DOM.childNodeCountUpdated {
   "childNodeCount": 275,
   "nodeId": 4
}
[1533705085.396][DEBUG]: DEVTOOLS EVENT DOM.childNodeCountUpdated {
   "childNodeCount": 276,
   "nodeId": 4
}
[1533705085.396][DEBUG]: DEVTOOLS EVENT DOM.childNodeCountUpdated {
   "childNodeCount": 277,
   "nodeId": 4
}
[1533705085.396][DEBUG]: DEVTOOLS EVENT DOM.childNodeCountUpdated {
   "childNodeCount": 278,
   "nodeId": 4
}
[1533705085.396][DEBUG]: DEVTOOLS EVENT DOM.childNodeCountUpdated {
   "childNodeCount": 279,
   "nodeId": 4
}
[1533705085.396][DEBUG]: DEVTOOLS EVENT DOM.childNodeCountUpdated {
   "childNodeCount": 280,
   "nodeId": 4
}
[1533705085.396][DEBUG]: DEVTOOLS EVENT DOM.childNodeCountUpdated {
   "childNodeCount": 281,
   "nodeId": 4
}
[1533705085.396][DEBUG]: DEVTOOLS EVENT DOM.childNodeCountUpdated {
   "childNodeCount": 282,
   "nodeId": 4
}
[1533705085.396][DEBUG]: DEVTOOLS EVENT DOM.childNodeCountUpdated {
   "childNodeCount": 283,
   "nodeId": 4
}
[1533705085.396][DEBUG]: DEVTOOLS EVENT DOM.childNodeCountUpdated {
   "childNodeCount": 284,
   "nodeId": 4
}
[1533705085.396][DEBUG]: DEVTOOLS EVENT DOM.childNodeCountUpdated {
   "childNodeCount": 285,
   "nodeId": 4
}
[1533705085.396][DEBUG]: DEVTOOLS EVENT DOM.childNodeCountUpdated {
   "childNodeCount": 286,
   "nodeId": 4
}
[1533705085.396][DEBUG]: DEVTOOLS EVENT DOM.childNodeCountUpdated {
   "childNodeCount": 287,
   "nodeId": 4
}
[1533705085.396][DEBUG]: DEVTOOLS EVENT DOM.childNodeCountUpdated {
   "childNodeCount": 288,
   "nodeId": 4
}
[1533705085.396][DEBUG]: DEVTOOLS EVENT DOM.childNodeCountUpdated {
   "childNodeCount": 289,
   "nodeId": 4
}
[1533705085.396][DEBUG]: DEVTOOLS EVENT DOM.childNodeCountUpdated {
   "childNodeCount": 290,
   "nodeId": 4
}
[1533705085.396][DEBUG]: DEVTOOLS EVENT DOM.childNodeCountUpdated {
   "childNodeCount": 11,
   "nodeId": 5
}
[1533705085.646][DEBUG]: DEVTOOLS EVENT DOM.documentUpdated {

}
[1533705085.646][DEBUG]: DEVTOOLS COMMAND DOM.getDocument (id=18) {

}
[1533705085.646][DEBUG]: DEVTOOLS EVENT Page.domContentEventFired {
   "timestamp": 362817.778057
}
[1533705085.646][DEBUG]: DEVTOOLS RESPONSE Runtime.evaluate (id=17) {
   "result": {
      "description": "1",
      "type": "number",
      "value": 1
   }
}
[1533705085.653][DEBUG]: DEVTOOLS RESPONSE DOM.getDocument (id=18) {
   "root": {
      "backendNodeId": 1,
      "baseURL": "https://www.instagram.com/weareint/",
      "childNodeCount": 2,
      "children": [ {
         "backendNodeId": 2,
         "localName": "",
         "nodeId": 7,
         "nodeName": "html",
         "nodeType": 10,
         "nodeValue": "",
         "parentId": 6,
         "publicId": "",
         "systemId": ""
      }, {
         "attributes": [ "lang", "en", "class", "js not-logged-in client-root" ],
         "backendNodeId": 3,
         "childNodeCount": 2,
         "children": [ {
            "attributes": [  ],
            "backendNodeId": 4,
            "childNodeCount": 290,
            "localName": "head",
            "nodeId": 9,
            "nodeName": "HEAD",
            "nodeType": 1,
            "nodeValue": "",
            "parentId": 8
         }, {
            "attributes": [ "class", "" ],
            "backendNodeId": 5,
            "childNodeCount": 11,
            "localName": "body",
            "nodeId": 10,
            "nodeName": "BODY",
            "nodeType": 1,
            "nodeValue": "",
            "parentId": 8
         } ],
         "frameId": "F1F0FF5C5459FDCE94AFAB9835669179",
         "localName": "html",
         "nodeId": 8,
         "nodeName": "HTML",
         "nodeType": 1,
         "nodeValue": "",
         "parentId": 6
      } ],
      "documentURL": "https://www.instagram.com/weareint/",
      "localName": "",
      "nodeId": 6,
      "nodeName": "#document",
      "nodeType": 9,
      "nodeValue": "",
      "xmlVersion": ""
   }
}
[1533705085.710][DEBUG]: DEVTOOLS EVENT DOM.childNodeCountUpdated {
   "childNodeCount": 12,
   "nodeId": 10
}
[1533705085.710][DEBUG]: DEVTOOLS COMMAND Runtime.evaluate (id=19) {
   "expression": "1"
}
[1533705085.710][DEBUG]: DEVTOOLS EVENT Page.frameAttached {
   "frameId": "F7965F37B744D925BA04847DFB2C4CF3",
   "parentFrameId": "F1F0FF5C5459FDCE94AFAB9835669179",
   "stack": {
      "callFrames": [ {
         "columnNumber": 864,
         "functionName": "a",
         "lineNumber": 98,
         "scriptId": "33",
         "url": "https://connect.facebook.net/en_US/sdk.js"
      }, {
         "columnNumber": 2853,
         "functionName": "whenReady",
         "lineNumber": 101,
         "scriptId": "33",
         "url": "https://connect.facebook.net/en_US/sdk.js"
      }, {
         "columnNumber": 2976,
         "functionName": "init",
         "lineNumber": 91,
         "scriptId": "33",
         "url": "https://connect.facebook.net/en_US/sdk.js"
      }, {
         "columnNumber": 933,
         "functionName": "create",
         "lineNumber": 91,
         "scriptId": "33",
         "url": "https://connect.facebook.net/en_US/sdk.js"
      }, {
         "columnNumber": 2571,
         "functionName": "P",
         "lineNumber": 101,
         "scriptId": "33",
         "url": "https://connect.facebook.net/en_US/sdk.js"
      }, {
         "columnNumber": 3673,
         "functionName": "",
         "lineNumber": 101,
         "scriptId": "33",
         "url": "https://connect.facebook.net/en_US/sdk.js"
      }, {
         "columnNumber": 928,
         "functionName": "",
         "lineNumber": 93,
         "scriptId": "33",
         "url": "https://connect.facebook.net/en_US/sdk.js"
      }, {
         "columnNumber": 1377,
         "functionName": "b",
         "lineNumber": 44,
         "scriptId": "33",
         "url": "https://connect.facebook.net/en_US/sdk.js"
      }, {
         "columnNumber": 893,
         "functionName": "fire",
         "lineNumber": 93,
         "scriptId": "33",
         "url": "https://connect.facebook.net/en_US/sdk.js"
      }, {
         "columnNumber": 1377,
         "functionName": "s",
         "lineNumber": 167,
         "scriptId": "33",
         "url": "https://connect.facebook.net/en_US/sdk.js"
      }, {
         "columnNumber": 2537,
         "functionName": "",
         "lineNumber": 109,
         "scriptId": "33",
         "url": "https://connect.facebook.net/en_US/sdk.js"
      }, {
         "columnNumber": 293,
         "functionName": "",
         "lineNumber": 106,
         "scriptId": "33",
         "url": "https://connect.facebook.net/en_US/sdk.js"
      }, {
         "columnNumber": 303197,
         "functionName": "i.a.canUseDOM.window.fbAsyncInit",
         "lineNumber": 0,
         "scriptId": "27",
         "url": "https://www.instagram.com/static/bundles/base/ConsumerCommons.js/4c920dafe607.js"
      }, {
         "columnNumber": 736,
         "functionName": "a.__wrapper.a.__wrapper",
         "lineNumber": 106,
         "scriptId": "33",
         "url": "https://connect.facebook.net/en_US/sdk.js"
      }, {
         "columnNumber": 1894,
         "functionName": "",
         "lineNumber": 167,
         "scriptId": "33",
         "url": "https://connect.facebook.net/en_US/sdk.js"
      } ]
   }
}
[1533705085.719][DEBUG]: DEVTOOLS EVENT Page.frameStartedLoading {
   "frameId": "F7965F37B744D925BA04847DFB2C4CF3"
}
[1533705085.719][DEBUG]: DEVTOOLS EVENT Page.frameNavigated {
   "frame": {
      "id": "F7965F37B744D925BA04847DFB2C4CF3",
      "loaderId": "0249F5A22D32E12D1BCBCACA54B6B37D",
      "mimeType": "text/html",
      "name": "fb_xdm_frame_https",
      "parentId": "F1F0FF5C5459FDCE94AFAB9835669179",
      "securityOrigin": "://",
      "url": "about:blank"
   }
}
[1533705085.719][DEBUG]: DEVTOOLS EVENT Runtime.executionContextCreated {
   "context": {
      "auxData": {
         "frameId": "F7965F37B744D925BA04847DFB2C4CF3",
         "isDefault": true
      },
      "id": 2,
      "name": "",
      "origin": "https://www.instagram.com"
   }
}
[1533705085.719][DEBUG]: DEVTOOLS EVENT Page.frameStoppedLoading {
   "frameId": "F7965F37B744D925BA04847DFB2C4CF3"
}
[1533705085.719][DEBUG]: DEVTOOLS EVENT Page.frameScheduledNavigation {
   "delay": 0,
   "frameId": "F7965F37B744D925BA04847DFB2C4CF3",
   "reason": "scriptInitiated",
   "url": "https://staticxx.facebook.com/connect/xd_arbiter/r/QX17B8fU-Vm.js?version=42#channel=f154ee6c2bdbec8&origin=https%3A%2F%2Fwww.instagram.com"
}
[1533705085.721][DEBUG]: DEVTOOLS RESPONSE Runtime.evaluate (id=19) {
   "result": {
      "description": "1",
      "type": "number",
      "value": 1
   }
}
[1533705085.721][DEBUG]: DEVTOOLS EVENT Page.frameStartedLoading {
   "frameId": "F7965F37B744D925BA04847DFB2C4CF3"
}
[1533705085.721][DEBUG]: DEVTOOLS EVENT Page.frameClearedScheduledNavigation {
   "frameId": "F7965F37B744D925BA04847DFB2C4CF3"
}
[1533705085.722][DEBUG]: DEVTOOLS COMMAND Runtime.evaluate (id=20) {
   "expression": "1"
}
[1533705085.723][DEBUG]: DEVTOOLS RESPONSE Runtime.evaluate (id=20) {
   "result": {
      "description": "1",
      "type": "number",
      "value": 1
   }
}
[1533705085.748][DEBUG]: DEVTOOLS EVENT Runtime.executionContextDestroyed {
   "executionContextId": 2
}
[1533705085.749][DEBUG]: DEVTOOLS EVENT Page.frameNavigated {
   "frame": {
      "id": "F7965F37B744D925BA04847DFB2C4CF3",
      "loaderId": "0B8B65EA5AF261C9BA64FE89850ABD48",
      "mimeType": "text/html",
      "name": "fb_xdm_frame_https",
      "parentId": "F1F0FF5C5459FDCE94AFAB9835669179",
      "securityOrigin": "https://staticxx.facebook.com",
      "url": "https://staticxx.facebook.com/connect/xd_arbiter/r/QX17B8fU-Vm.js?version=42"
   }
}
[1533705085.749][DEBUG]: DEVTOOLS EVENT Runtime.executionContextCreated {
   "context": {
      "auxData": {
         "frameId": "F7965F37B744D925BA04847DFB2C4CF3",
         "isDefault": true
      },
      "id": 3,
      "name": "",
      "origin": "https://staticxx.facebook.com"
   }
}
[1533705085.749][DEBUG]: DEVTOOLS COMMAND Runtime.evaluate (id=21) {
   "expression": "1"
}
[1533705085.759][DEBUG]: DEVTOOLS EVENT Page.frameStoppedLoading {
   "frameId": "F7965F37B744D925BA04847DFB2C4CF3"
}
[1533705085.759][DEBUG]: DEVTOOLS RESPONSE Runtime.evaluate (id=21) {
   "result": {
      "description": "1",
      "type": "number",
      "value": 1
   }
}
[1533705086.214][DEBUG]: DEVTOOLS EVENT Page.frameAttached {
   "frameId": "E486BD1A7414AE923B47DCE19369635F",
   "parentFrameId": "F1F0FF5C5459FDCE94AFAB9835669179",
   "stack": {
      "callFrames": [ {
         "columnNumber": 524,
         "functionName": "append",
         "lineNumber": 68,
         "scriptId": "33",
         "url": "https://connect.facebook.net/en_US/sdk.js"
      }, {
         "columnNumber": 699,
         "functionName": "appendHidden",
         "lineNumber": 68,
         "scriptId": "33",
         "url": "https://connect.facebook.net/en_US/sdk.js"
      }, {
         "columnNumber": 532,
         "functionName": "",
         "lineNumber": 109,
         "scriptId": "33",
         "url": "https://connect.facebook.net/en_US/sdk.js"
      }, {
         "columnNumber": 198,
         "functionName": "h",
         "lineNumber": 67,
         "scriptId": "33",
         "url": "https://connect.facebook.net/en_US/sdk.js"
      } ]
   }
}
[1533705086.214][DEBUG]: DEVTOOLS COMMAND Runtime.evaluate (id=22) {
   "expression": "1"
}
[1533705086.223][DEBUG]: DEVTOOLS EVENT Page.frameStartedLoading {
   "frameId": "E486BD1A7414AE923B47DCE19369635F"
}
[1533705086.223][DEBUG]: DEVTOOLS EVENT DOM.childNodeCountUpdated {
   "childNodeCount": 291,
   "nodeId": 9
}
[1533705086.223][DEBUG]: DEVTOOLS EVENT Page.loadEventFired {
   "timestamp": 362818.356874
}
[1533705086.224][DEBUG]: DEVTOOLS RESPONSE Runtime.evaluate (id=22) {
   "result": {
      "description": "1",
      "type": "number",
      "value": 1
   }
}
[1533705086.327][DEBUG]: DEVTOOLS EVENT Page.frameNavigated {
   "frame": {
      "id": "E486BD1A7414AE923B47DCE19369635F",
      "loaderId": "1AE50020D2DA8220464F72FEAE839B74",
      "mimeType": "text/html",
      "name": "f3fdd34381aebb4",
      "parentId": "F1F0FF5C5459FDCE94AFAB9835669179",
      "securityOrigin": "https://staticxx.facebook.com",
      "url": "https://staticxx.facebook.com/connect/xd_arbiter/r/QX17B8fU-Vm.js?version=42"
   }
}
[1533705086.327][DEBUG]: DEVTOOLS EVENT Runtime.executionContextCreated {
   "context": {
      "auxData": {
         "frameId": "E486BD1A7414AE923B47DCE19369635F",
         "isDefault": true
      },
      "id": 4,
      "name": "",
      "origin": "https://staticxx.facebook.com"
   }
}
[1533705086.327][DEBUG]: DEVTOOLS COMMAND Runtime.evaluate (id=23) {
   "expression": "1"
}
[1533705086.331][DEBUG]: DEVTOOLS EVENT Page.frameStoppedLoading {
   "frameId": "E486BD1A7414AE923B47DCE19369635F"
}
[1533705086.331][DEBUG]: DEVTOOLS EVENT Page.frameStoppedLoading {
   "frameId": "F1F0FF5C5459FDCE94AFAB9835669179"
}
[1533705086.331][DEBUG]: DEVTOOLS RESPONSE Runtime.evaluate (id=23) {
   "result": {
      "description": "1",
      "type": "number",
      "value": 1
   }
}
[1533705086.331][INFO]: Done waiting for pending navigations. Status: ok
[1533705086.331][INFO]: RESPONSE Navigate
[1533705086.332][INFO]: COMMAND GetSource {

}
[1533705086.332][INFO]: Waiting for pending navigations...
[1533705086.333][DEBUG]: DEVTOOLS COMMAND Runtime.evaluate (id=24) {
   "expression": "1"
}
[1533705086.340][DEBUG]: DEVTOOLS EVENT Runtime.executionContextDestroyed [0808/085258.885016:WARNING:dns_config_service_posix.cc(333)] Failed to read DnsConfig.
d {
   "frameId": "E486BD1A7414AE923B47DCE19369635F"
}
[1533705086.340][DEBUG]: DEVTOOLS RESPONSE Runtime.evaluate (id=24) {
   "result": {
      "description": "1",
      "type": "number",
      "value": 1
   }
}
[1533705086.340][INFO]: Done waiting for pending navigations. Status: ok
[1533705086.340][DEBUG]: DEVTOOLS COMMAND Runtime.evaluate (id=25) {
   "expression": "(function() { // Copyright (c) 2012 The Chromium Authors. All rights reserved.\n// Use of this source code is governed by a BSD-style license that can be\n// found in the LICENSE file.\n\n/**\n * Enum f...",
   "returnByValue": true
}
[1533705086.362][DEBUG]: DEVTOOLS RESPONSE Runtime.evaluate (id=25) {
   "result": {
      "type": "object",
      "value": {
         "status": 0,
         "value": "\u003C!DOCTYPE html>\u003Chtml xmlns=\"http://www.w3.org/1999/xhtml\" lang=\"en\" class=\"js not-logged-in client-root\">\u003Chead>\u003Cmeta charset=\"utf-8\" />\n        \u003Cmeta http-equiv=\"X-UA-Compatible\" content=\"IE=edge\" ..."
      }
   }
}
[1533705086.362][INFO]: Waiting for pending navigations...
[1533705086.362][DEBUG]: DEVTOOLS COMMAND Runtime.evaluate (id=26) {
   "expression": "1"
}
[1533705086.363][DEBUG]: DEVTOOLS RESPONSE Runtime.evaluate (id=26) {
   "result": {
      "description": "1",
      "type": "number",
      "value": 1
   }
}
[1533705086.363][INFO]: Done waiting for pending navigations. Status: ok
[1533705086.364][INFO]: RESPONSE GetSource "\u003C!DOCTYPE html>\u003Chtml xmlns=\"http://www.w3.org/1999/xhtml\" lang=\"en\" class=\"js not-logged-in client-root\">\u003Chead>\u003Cmeta charset=\"utf-8\" />\n        \u003Cmeta http-equiv=\"X-UA-Compatible\" content=\"IE=edge\" ..."
[0808/085258.207947:WARNING:dns_config_service_posix.cc(333)] Failed to read DnsConfig.
